<?xml version="1.0" encoding="UTF-8"?>
<!-- Generated by org.testng.reporters.JUnitXMLReporter -->
<testsuite hostname="QSIH-00493" name="Default test" tests="6" failures="0" timestamp="16 May 2016 06:02:30 GMT" time="248.11" errors="0">
  <testcase name="verifyMailMenuOptions" time="53.135" classname="com.pp.tests.AccountSummaryTest"/>
  <testcase name="verifyMailMenuSentItems" time="41.691" classname="com.pp.tests.AccountSummaryTest"/>
  <testcase name="verifyMailMenuComposeMessage" time="42.971" classname="com.pp.tests.AccountSummaryTest"/>
  <testcase name="CheckwithViewProfile" time="20.018" classname="com.pp.tests.AccountSummaryTest"/>
  <testcase name="CheckwithViewProfileAndGettheSlots" time="27.826" classname="com.pp.tests.AccountSummaryTest"/>
  <testcase name="verifyScheduleMenu" time="36.839" classname="com.pp.tests.AccountSummaryTest"/>
</testsuite> <!-- Default test -->
