<?xml version="1.0" encoding="UTF-8"?>
<!-- Generated by org.testng.reporters.JUnitXMLReporter -->
<testsuite hostname="QSIH-00493" name="Regression 1" tests="12" failures="0" timestamp="16 May 2016 07:51:58 GMT" time="330.973" errors="0">
  <testcase name="verifyIamNewHereTestCase" time="3.746" classname="com.pp.tests.LoginPageTest"/>
  <testcase name="verifyAllReadyMembersElements" time="0.061" classname="com.pp.tests.LoginPageTest"/>
  <testcase name="clickOnLoginWithInvalidUsernameAndPassword" time="8.239" classname="com.pp.tests.LoginPageTest"/>
  <testcase name="clickOnNeedHelpWithyourUsernamePassLink" time="3.63" classname="com.pp.tests.LoginPageTest"/>
  <testcase name="clickOnLoginWithValidCredentials" time="21.668" classname="com.pp.tests.LoginPageTest"/>
  <testcase name="verifyMailMenuOptions" time="42.41" classname="com.pp.tests.AccountSummaryTest"/>
  <testcase name="verifyMailMenuSentItems" time="39.019" classname="com.pp.tests.AccountSummaryTest"/>
  <testcase name="verifyMailMenuComposeMessage" time="47.359" classname="com.pp.tests.AccountSummaryTest"/>
  <testcase name="CheckwithViewProfile" time="20.047" classname="com.pp.tests.AccountSummaryTest"/>
  <testcase name="CheckwithViewProfileAndGettheSlots" time="27.373" classname="com.pp.tests.AccountSummaryTest"/>
  <testcase name="verifyScheduleMenu" time="34.317" classname="com.pp.tests.AccountSummaryTest"/>
  <testcase name="LoginAndClickonComposeMessage" time="39.87" classname="com.pp.tests.ComposeMessageTest"/>
</testsuite> <!-- Regression 1 -->
