<?xml version="1.0" encoding="UTF-8"?>
<!-- Generated by org.testng.reporters.JUnitXMLReporter -->
<testsuite hostname="QSIH-00493" name="sample test" tests="4" failures="0" timestamp="12 Oct 2015 17:32:07 GMT" time="49.151" errors="0">
  <testcase name="verifyIamNewHereTestCase" time="6.859" classname="com.pp.tests.LoginPageTest"/>
  <testcase name="verifyAllReadyMembersElements" time="0.065" classname="com.pp.tests.LoginPageTest"/>
  <testcase name="clickOnLoginWithInvalidUsernameAndPassword" time="11.762" classname="com.pp.tests.LoginPageTest"/>
  <testcase name="clickOnNeedHelpWithyourUsernamePassLink" time="12.576" classname="com.pp.tests.LoginPageTest"/>
</testsuite> <!-- sample test -->
