<?xml version="1.0" encoding="UTF-8"?>
<testng-results skipped="0" failed="0" total="1" passed="1">
  <reporter-output>
  </reporter-output>
  <suite name="Page Object test example" duration-ms="65522" started-at="2015-10-13T17:40:08Z" finished-at="2015-10-13T17:41:14Z">
    <groups>
    </groups>
    <test name="sample test" duration-ms="65522" started-at="2015-10-13T17:40:08Z" finished-at="2015-10-13T17:41:14Z">
      <class name="com.pp.tests.LoginPageTest">
        <test-method status="PASS" signature="setup()[pri:0, instance:com.pp.tests.LoginPageTest@13a567]" name="setup" is-config="true" duration-ms="25149" started-at="2015-10-13T23:10:08Z" finished-at="2015-10-13T23:10:33Z">
          <reporter-output>
          </reporter-output>
        </test-method> <!-- setup -->
        <test-method status="PASS" signature="clickOnLoginWithvalidUsernameAndInvalidPasswordAndVerifyWarningMessage()[pri:0, instance:com.pp.tests.LoginPageTest@13a567]" name="clickOnLoginWithvalidUsernameAndInvalidPasswordAndVerifyWarningMessage" duration-ms="40002" started-at="2015-10-13T23:10:33Z" finished-at="2015-10-13T23:11:13Z">
          <reporter-output>
          </reporter-output>
        </test-method> <!-- clickOnLoginWithvalidUsernameAndInvalidPasswordAndVerifyWarningMessage -->
        <test-method status="PASS" signature="tearDown()[pri:0, instance:com.pp.tests.LoginPageTest@13a567]" name="tearDown" is-config="true" duration-ms="364" started-at="2015-10-13T23:11:13Z" finished-at="2015-10-13T23:11:14Z">
          <reporter-output>
          </reporter-output>
        </test-method> <!-- tearDown -->
      </class> <!-- com.pp.tests.LoginPageTest -->
    </test> <!-- sample test -->
  </suite> <!-- Page Object test example -->
</testng-results>
