<?xml version="1.0" encoding="UTF-8"?>
<testng-results skipped="0" failed="0" total="1" passed="1">
  <reporter-output>
  </reporter-output>
  <suite name="Default suite" duration-ms="45252" started-at="2016-03-19T15:20:07Z" finished-at="2016-03-19T15:20:52Z">
    <groups>
    </groups>
    <test name="Default test" duration-ms="45252" started-at="2016-03-19T15:20:07Z" finished-at="2016-03-19T15:20:52Z">
      <class name="com.pp.tests.GenericAppointmentRequestTest">
        <test-method status="PASS" signature="setup()[pri:0, instance:com.pp.tests.GenericAppointmentRequestTest@7c30a502]" name="setup" is-config="true" duration-ms="14824" started-at="2016-03-19T20:50:07Z" finished-at="2016-03-19T20:50:22Z">
          <reporter-output>
          </reporter-output>
        </test-method> <!-- setup -->
        <test-method status="PASS" signature="LoginAndRequestForAppointment()[pri:0, instance:com.pp.tests.GenericAppointmentRequestTest@7c30a502]" name="LoginAndRequestForAppointment" duration-ms="30060" started-at="2016-03-19T20:50:22Z" finished-at="2016-03-19T20:50:52Z">
          <reporter-output>
          </reporter-output>
        </test-method> <!-- LoginAndRequestForAppointment -->
        <test-method status="PASS" signature="tearDown()[pri:0, instance:com.pp.tests.GenericAppointmentRequestTest@7c30a502]" name="tearDown" is-config="true" duration-ms="361" started-at="2016-03-19T20:50:52Z" finished-at="2016-03-19T20:50:52Z">
          <reporter-output>
          </reporter-output>
        </test-method> <!-- tearDown -->
      </class> <!-- com.pp.tests.GenericAppointmentRequestTest -->
    </test> <!-- Default test -->
  </suite> <!-- Default suite -->
</testng-results>
