<?xml version="1.0" encoding="UTF-8"?>
<testng-results skipped="0" failed="0" total="1" passed="1">
  <reporter-output>
  </reporter-output>
  <suite name="Default suite" duration-ms="71885" started-at="2016-02-11T16:24:22Z" finished-at="2016-02-11T16:25:34Z">
    <groups>
    </groups>
    <test name="Default test" duration-ms="71885" started-at="2016-02-11T16:24:22Z" finished-at="2016-02-11T16:25:34Z">
      <class name="com.pp.tests.GenericAppointmentRequestTest">
        <test-method status="PASS" signature="setup()[pri:0, instance:com.pp.tests.GenericAppointmentRequestTest@60f82f98]" name="setup" is-config="true" duration-ms="21827" started-at="2016-02-11T21:54:22Z" finished-at="2016-02-11T21:54:44Z">
          <reporter-output>
          </reporter-output>
        </test-method> <!-- setup -->
        <test-method status="PASS" signature="LoginAndRequestForAppointment()[pri:0, instance:com.pp.tests.GenericAppointmentRequestTest@60f82f98]" name="LoginAndRequestForAppointment" duration-ms="49593" started-at="2016-02-11T21:54:44Z" finished-at="2016-02-11T21:55:33Z">
          <reporter-output>
          </reporter-output>
        </test-method> <!-- LoginAndRequestForAppointment -->
        <test-method status="PASS" signature="tearDown()[pri:0, instance:com.pp.tests.GenericAppointmentRequestTest@60f82f98]" name="tearDown" is-config="true" duration-ms="458" started-at="2016-02-11T21:55:33Z" finished-at="2016-02-11T21:55:34Z">
          <reporter-output>
          </reporter-output>
        </test-method> <!-- tearDown -->
      </class> <!-- com.pp.tests.GenericAppointmentRequestTest -->
    </test> <!-- Default test -->
  </suite> <!-- Default suite -->
</testng-results>
