<?xml version="1.0" encoding="UTF-8"?>
<testng-results skipped="0" failed="0" total="9" passed="9">
  <reporter-output>
  </reporter-output>
  <suite name="Page Object test example" duration-ms="171923" started-at="2016-01-21T01:37:33Z" finished-at="2016-01-21T01:40:25Z">
    <groups>
    </groups>
    <test name="Regression 1" duration-ms="171923" started-at="2016-01-21T01:37:33Z" finished-at="2016-01-21T01:40:25Z">
      <class name="com.pp.tests.AccountSummaryTest">
        <test-method status="PASS" signature="setup()[pri:0, instance:com.pp.tests.AccountSummaryTest@7a5d012c]" name="setup" is-config="true" duration-ms="28839" started-at="2016-01-21T07:08:13Z" finished-at="2016-01-21T07:08:42Z">
          <reporter-output>
          </reporter-output>
        </test-method> <!-- setup -->
        <test-method status="PASS" signature="verifyMailMenuOptions()[pri:0, instance:com.pp.tests.AccountSummaryTest@7a5d012c]" name="verifyMailMenuOptions" duration-ms="26405" started-at="2016-01-21T07:08:42Z" finished-at="2016-01-21T07:09:09Z">
          <reporter-output>
          </reporter-output>
        </test-method> <!-- verifyMailMenuOptions -->
        <test-method status="PASS" signature="verifyMailMenuComposeMessage()[pri:0, instance:com.pp.tests.AccountSummaryTest@7a5d012c]" name="verifyMailMenuComposeMessage" duration-ms="28853" started-at="2016-01-21T07:09:09Z" finished-at="2016-01-21T07:09:37Z">
          <reporter-output>
          </reporter-output>
        </test-method> <!-- verifyMailMenuComposeMessage -->
        <test-method status="PASS" signature="CheckwithViewProfile()[pri:0, instance:com.pp.tests.AccountSummaryTest@7a5d012c]" name="CheckwithViewProfile" duration-ms="15055" started-at="2016-01-21T07:09:37Z" finished-at="2016-01-21T07:09:52Z">
          <reporter-output>
          </reporter-output>
        </test-method> <!-- CheckwithViewProfile -->
        <test-method status="PASS" signature="tearDown()[pri:0, instance:com.pp.tests.AccountSummaryTest@7a5d012c]" name="tearDown" is-config="true" duration-ms="317" started-at="2016-01-21T07:09:52Z" finished-at="2016-01-21T07:09:53Z">
          <reporter-output>
          </reporter-output>
        </test-method> <!-- tearDown -->
      </class> <!-- com.pp.tests.AccountSummaryTest -->
      <class name="com.pp.tests.ComposeMessageTest">
        <test-method status="PASS" signature="setup()[pri:0, instance:com.pp.tests.ComposeMessageTest@7f690630]" name="setup" is-config="true" duration-ms="7868" started-at="2016-01-21T07:09:53Z" finished-at="2016-01-21T07:10:01Z">
          <reporter-output>
          </reporter-output>
        </test-method> <!-- setup -->
        <test-method status="PASS" signature="LoginAndClickonComposeMessage()[pri:0, instance:com.pp.tests.ComposeMessageTest@7f690630]" name="LoginAndClickonComposeMessage" duration-ms="24408" started-at="2016-01-21T07:10:01Z" finished-at="2016-01-21T07:10:25Z">
          <reporter-output>
          </reporter-output>
        </test-method> <!-- LoginAndClickonComposeMessage -->
        <test-method status="PASS" signature="tearDown()[pri:0, instance:com.pp.tests.ComposeMessageTest@7f690630]" name="tearDown" is-config="true" duration-ms="234" started-at="2016-01-21T07:10:25Z" finished-at="2016-01-21T07:10:25Z">
          <reporter-output>
          </reporter-output>
        </test-method> <!-- tearDown -->
      </class> <!-- com.pp.tests.ComposeMessageTest -->
      <class name="com.pp.tests.LoginPageTest">
        <test-method status="PASS" signature="setup()[pri:0, instance:com.pp.tests.LoginPageTest@3cda1055]" name="setup" is-config="true" duration-ms="8964" started-at="2016-01-21T07:07:33Z" finished-at="2016-01-21T07:07:42Z">
          <reporter-output>
          </reporter-output>
        </test-method> <!-- setup -->
        <test-method status="PASS" signature="verifyIamNewHereTestCase()[pri:0, instance:com.pp.tests.LoginPageTest@3cda1055]" name="verifyIamNewHereTestCase" duration-ms="3737" started-at="2016-01-21T07:07:42Z" finished-at="2016-01-21T07:07:46Z">
          <reporter-output>
          </reporter-output>
        </test-method> <!-- verifyIamNewHereTestCase -->
        <test-method status="PASS" signature="verifyAllReadyMembersElements()[pri:0, instance:com.pp.tests.LoginPageTest@3cda1055]" name="verifyAllReadyMembersElements" duration-ms="48" started-at="2016-01-21T07:07:46Z" finished-at="2016-01-21T07:07:46Z">
          <reporter-output>
          </reporter-output>
        </test-method> <!-- verifyAllReadyMembersElements -->
        <test-method status="PASS" signature="clickOnLoginWithInvalidUsernameAndPassword()[pri:0, instance:com.pp.tests.LoginPageTest@3cda1055]" name="clickOnLoginWithInvalidUsernameAndPassword" duration-ms="9916" started-at="2016-01-21T07:07:46Z" finished-at="2016-01-21T07:07:56Z">
          <reporter-output>
          </reporter-output>
        </test-method> <!-- clickOnLoginWithInvalidUsernameAndPassword -->
        <test-method status="PASS" signature="clickOnNeedHelpWithyourUsernamePassLink()[pri:0, instance:com.pp.tests.LoginPageTest@3cda1055]" name="clickOnNeedHelpWithyourUsernamePassLink" duration-ms="3305" started-at="2016-01-21T07:07:56Z" finished-at="2016-01-21T07:07:59Z">
          <reporter-output>
          </reporter-output>
        </test-method> <!-- clickOnNeedHelpWithyourUsernamePassLink -->
        <test-method status="PASS" signature="clickOnLoginWithValidCredentials()[pri:0, instance:com.pp.tests.LoginPageTest@3cda1055]" name="clickOnLoginWithValidCredentials" duration-ms="13614" started-at="2016-01-21T07:07:59Z" finished-at="2016-01-21T07:08:13Z">
          <reporter-output>
          </reporter-output>
        </test-method> <!-- clickOnLoginWithValidCredentials -->
        <test-method status="PASS" signature="tearDown()[pri:0, instance:com.pp.tests.LoginPageTest@3cda1055]" name="tearDown" is-config="true" duration-ms="344" started-at="2016-01-21T07:08:13Z" finished-at="2016-01-21T07:08:13Z">
          <reporter-output>
          </reporter-output>
        </test-method> <!-- tearDown -->
      </class> <!-- com.pp.tests.LoginPageTest -->
    </test> <!-- Regression 1 -->
  </suite> <!-- Page Object test example -->
</testng-results>
