<?xml version="1.0" encoding="UTF-8"?>
<testng-results skipped="0" failed="0" total="1" passed="1">
  <reporter-output>
  </reporter-output>
  <suite name="Default suite" duration-ms="37985" started-at="2015-11-18T18:10:14Z" finished-at="2015-11-18T18:10:52Z">
    <groups>
    </groups>
    <test name="Default test" duration-ms="37985" started-at="2015-11-18T18:10:14Z" finished-at="2015-11-18T18:10:52Z">
      <class name="com.pp.tests.LoginPageTest">
        <test-method status="PASS" signature="setup()[pri:0, instance:com.pp.tests.LoginPageTest@67b64c45]" name="setup" is-config="true" duration-ms="19105" started-at="2015-11-18T23:40:14Z" finished-at="2015-11-18T23:40:33Z">
          <reporter-output>
          </reporter-output>
        </test-method> <!-- setup -->
        <test-method status="PASS" signature="clickOnLoginWithValidCredentials()[pri:0, instance:com.pp.tests.LoginPageTest@67b64c45]" name="clickOnLoginWithValidCredentials" duration-ms="18514" started-at="2015-11-18T23:40:33Z" finished-at="2015-11-18T23:40:51Z">
          <reporter-output>
          </reporter-output>
        </test-method> <!-- clickOnLoginWithValidCredentials -->
        <test-method status="PASS" signature="tearDown()[pri:0, instance:com.pp.tests.LoginPageTest@67b64c45]" name="tearDown" is-config="true" duration-ms="356" started-at="2015-11-18T23:40:51Z" finished-at="2015-11-18T23:40:52Z">
          <reporter-output>
          </reporter-output>
        </test-method> <!-- tearDown -->
      </class> <!-- com.pp.tests.LoginPageTest -->
    </test> <!-- Default test -->
  </suite> <!-- Default suite -->
</testng-results>
