<?xml version="1.0" encoding="UTF-8"?>
<testng-results skipped="0" failed="0" total="2" passed="2">
  <reporter-output>
  </reporter-output>
  <suite name="Default suite" duration-ms="63626" started-at="2016-01-14T17:30:30Z" finished-at="2016-01-14T17:31:34Z">
    <groups>
    </groups>
    <test name="Default test" duration-ms="63626" started-at="2016-01-14T17:30:30Z" finished-at="2016-01-14T17:31:34Z">
      <class name="com.pp.tests.LoginPageTest">
        <test-method status="PASS" signature="setup()[pri:0, instance:com.pp.tests.LoginPageTest@35f983a6]" name="setup" is-config="true" duration-ms="14978" started-at="2016-01-14T23:00:30Z" finished-at="2016-01-14T23:00:45Z">
          <reporter-output>
          </reporter-output>
        </test-method> <!-- setup -->
        <test-method status="PASS" signature="verifyMailMenuOptions()[pri:0, instance:com.pp.tests.LoginPageTest@35f983a6]" name="verifyMailMenuOptions" duration-ms="24832" started-at="2016-01-14T23:00:45Z" finished-at="2016-01-14T23:01:10Z">
          <reporter-output>
          </reporter-output>
        </test-method> <!-- verifyMailMenuOptions -->
        <test-method status="PASS" signature="verifyMailMenuSentItems()[pri:0, instance:com.pp.tests.LoginPageTest@35f983a6]" name="verifyMailMenuSentItems" duration-ms="23467" started-at="2016-01-14T23:01:10Z" finished-at="2016-01-14T23:01:33Z">
          <reporter-output>
          </reporter-output>
        </test-method> <!-- verifyMailMenuSentItems -->
        <test-method status="PASS" signature="tearDown()[pri:0, instance:com.pp.tests.LoginPageTest@35f983a6]" name="tearDown" is-config="true" duration-ms="339" started-at="2016-01-14T23:01:33Z" finished-at="2016-01-14T23:01:34Z">
          <reporter-output>
          </reporter-output>
        </test-method> <!-- tearDown -->
      </class> <!-- com.pp.tests.LoginPageTest -->
    </test> <!-- Default test -->
  </suite> <!-- Default suite -->
</testng-results>
