<?xml version="1.0" encoding="UTF-8"?>
<testng-results skipped="0" failed="0" total="2" passed="2">
  <reporter-output>
  </reporter-output>
  <suite name="Default suite" duration-ms="27248" started-at="2015-12-15T11:37:20Z" finished-at="2015-12-15T11:37:47Z">
    <groups>
    </groups>
    <test name="Default test" duration-ms="27248" started-at="2015-12-15T11:37:20Z" finished-at="2015-12-15T11:37:47Z">
      <class name="com.pp.tests.EnrollPageTest">
        <test-method status="PASS" signature="setup()[pri:0, instance:com.pp.tests.EnrollPageTest@a540251]" name="setup" is-config="true" duration-ms="18974" started-at="2015-12-15T17:07:20Z" finished-at="2015-12-15T17:07:39Z">
          <reporter-output>
          </reporter-output>
        </test-method> <!-- setup -->
        <test-method status="PASS" signature="verifyEnrollPageElements()[pri:0, instance:com.pp.tests.EnrollPageTest@a540251]" name="verifyEnrollPageElements" duration-ms="5340" started-at="2015-12-15T17:07:39Z" finished-at="2015-12-15T17:07:44Z">
          <reporter-output>
          </reporter-output>
        </test-method> <!-- verifyEnrollPageElements -->
        <test-method status="PASS" signature="VerifyEnrollmentToken()[pri:0, instance:com.pp.tests.EnrollPageTest@a540251]" name="VerifyEnrollmentToken" duration-ms="1907" started-at="2015-12-15T17:07:44Z" finished-at="2015-12-15T17:07:46Z">
          <reporter-output>
          </reporter-output>
        </test-method> <!-- VerifyEnrollmentToken -->
        <test-method status="PASS" signature="tearDown()[pri:0, instance:com.pp.tests.EnrollPageTest@a540251]" name="tearDown" is-config="true" duration-ms="1013" started-at="2015-12-15T17:07:46Z" finished-at="2015-12-15T17:07:47Z">
          <reporter-output>
          </reporter-output>
        </test-method> <!-- tearDown -->
      </class> <!-- com.pp.tests.EnrollPageTest -->
    </test> <!-- Default test -->
  </suite> <!-- Default suite -->
</testng-results>
