<?xml version="1.0" encoding="UTF-8"?>
<testng-results skipped="0" failed="0" total="12" passed="12">
  <reporter-output>
  </reporter-output>
  <suite name="Page Object test example" duration-ms="330973" started-at="2016-05-16T07:46:27Z" finished-at="2016-05-16T07:51:58Z">
    <groups>
    </groups>
    <test name="Regression 1" duration-ms="330973" started-at="2016-05-16T07:46:27Z" finished-at="2016-05-16T07:51:58Z">
      <class name="com.pp.tests.AccountSummaryTest">
        <test-method status="PASS" signature="setup()[pri:0, instance:com.pp.tests.AccountSummaryTest@30c7da1e]" name="setup" is-config="true" duration-ms="8473" started-at="2016-05-16T13:17:15Z" finished-at="2016-05-16T13:17:23Z">
          <reporter-output>
          </reporter-output>
        </test-method> <!-- setup -->
        <test-method status="PASS" signature="verifyMailMenuOptions()[pri:0, instance:com.pp.tests.AccountSummaryTest@30c7da1e]" name="verifyMailMenuOptions" duration-ms="42410" started-at="2016-05-16T13:17:23Z" finished-at="2016-05-16T13:18:05Z">
          <reporter-output>
          </reporter-output>
        </test-method> <!-- verifyMailMenuOptions -->
        <test-method status="PASS" signature="verifyMailMenuSentItems()[pri:0, instance:com.pp.tests.AccountSummaryTest@30c7da1e]" name="verifyMailMenuSentItems" duration-ms="39019" started-at="2016-05-16T13:18:05Z" finished-at="2016-05-16T13:18:44Z">
          <reporter-output>
          </reporter-output>
        </test-method> <!-- verifyMailMenuSentItems -->
        <test-method status="PASS" signature="verifyMailMenuComposeMessage()[pri:0, instance:com.pp.tests.AccountSummaryTest@30c7da1e]" name="verifyMailMenuComposeMessage" duration-ms="47359" started-at="2016-05-16T13:18:44Z" finished-at="2016-05-16T13:19:32Z">
          <reporter-output>
          </reporter-output>
        </test-method> <!-- verifyMailMenuComposeMessage -->
        <test-method status="PASS" signature="CheckwithViewProfile()[pri:0, instance:com.pp.tests.AccountSummaryTest@30c7da1e]" name="CheckwithViewProfile" duration-ms="20047" started-at="2016-05-16T13:19:32Z" finished-at="2016-05-16T13:19:52Z">
          <reporter-output>
          </reporter-output>
        </test-method> <!-- CheckwithViewProfile -->
        <test-method status="PASS" signature="CheckwithViewProfileAndGettheSlots()[pri:0, instance:com.pp.tests.AccountSummaryTest@30c7da1e]" name="CheckwithViewProfileAndGettheSlots" duration-ms="27373" started-at="2016-05-16T13:19:52Z" finished-at="2016-05-16T13:20:19Z">
          <reporter-output>
          </reporter-output>
        </test-method> <!-- CheckwithViewProfileAndGettheSlots -->
        <test-method status="PASS" signature="verifyScheduleMenu()[pri:0, instance:com.pp.tests.AccountSummaryTest@30c7da1e]" name="verifyScheduleMenu" duration-ms="34317" started-at="2016-05-16T13:20:19Z" finished-at="2016-05-16T13:20:54Z">
          <reporter-output>
          </reporter-output>
        </test-method> <!-- verifyScheduleMenu -->
        <test-method status="PASS" signature="tearDown()[pri:0, instance:com.pp.tests.AccountSummaryTest@30c7da1e]" name="tearDown" is-config="true" duration-ms="357" started-at="2016-05-16T13:20:54Z" finished-at="2016-05-16T13:20:54Z">
          <reporter-output>
          </reporter-output>
        </test-method> <!-- tearDown -->
      </class> <!-- com.pp.tests.AccountSummaryTest -->
      <class name="com.pp.tests.ComposeMessageTest">
        <test-method status="PASS" signature="setup()[pri:0, instance:com.pp.tests.ComposeMessageTest@2133c8f8]" name="setup" is-config="true" duration-ms="23854" started-at="2016-05-16T13:20:54Z" finished-at="2016-05-16T13:21:18Z">
          <reporter-output>
          </reporter-output>
        </test-method> <!-- setup -->
        <test-method status="PASS" signature="LoginAndClickonComposeMessage()[pri:0, instance:com.pp.tests.ComposeMessageTest@2133c8f8]" name="LoginAndClickonComposeMessage" duration-ms="39870" started-at="2016-05-16T13:21:18Z" finished-at="2016-05-16T13:21:58Z">
          <reporter-output>
          </reporter-output>
        </test-method> <!-- LoginAndClickonComposeMessage -->
        <test-method status="PASS" signature="tearDown()[pri:0, instance:com.pp.tests.ComposeMessageTest@2133c8f8]" name="tearDown" is-config="true" duration-ms="316" started-at="2016-05-16T13:21:58Z" finished-at="2016-05-16T13:21:58Z">
          <reporter-output>
          </reporter-output>
        </test-method> <!-- tearDown -->
      </class> <!-- com.pp.tests.ComposeMessageTest -->
      <class name="com.pp.tests.LoginPageTest">
        <test-method status="PASS" signature="setup()[pri:0, instance:com.pp.tests.LoginPageTest@5b464ce8]" name="setup" is-config="true" duration-ms="9833" started-at="2016-05-16T13:16:27Z" finished-at="2016-05-16T13:16:37Z">
          <reporter-output>
          </reporter-output>
        </test-method> <!-- setup -->
        <test-method status="PASS" signature="verifyIamNewHereTestCase()[pri:0, instance:com.pp.tests.LoginPageTest@5b464ce8]" name="verifyIamNewHereTestCase" duration-ms="3746" started-at="2016-05-16T13:16:37Z" finished-at="2016-05-16T13:16:41Z">
          <reporter-output>
          </reporter-output>
        </test-method> <!-- verifyIamNewHereTestCase -->
        <test-method status="PASS" signature="verifyAllReadyMembersElements()[pri:0, instance:com.pp.tests.LoginPageTest@5b464ce8]" name="verifyAllReadyMembersElements" duration-ms="61" started-at="2016-05-16T13:16:41Z" finished-at="2016-05-16T13:16:41Z">
          <reporter-output>
          </reporter-output>
        </test-method> <!-- verifyAllReadyMembersElements -->
        <test-method status="PASS" signature="clickOnLoginWithInvalidUsernameAndPassword()[pri:0, instance:com.pp.tests.LoginPageTest@5b464ce8]" name="clickOnLoginWithInvalidUsernameAndPassword" duration-ms="8239" started-at="2016-05-16T13:16:41Z" finished-at="2016-05-16T13:16:49Z">
          <reporter-output>
          </reporter-output>
        </test-method> <!-- clickOnLoginWithInvalidUsernameAndPassword -->
        <test-method status="PASS" signature="clickOnNeedHelpWithyourUsernamePassLink()[pri:0, instance:com.pp.tests.LoginPageTest@5b464ce8]" name="clickOnNeedHelpWithyourUsernamePassLink" duration-ms="3630" started-at="2016-05-16T13:16:49Z" finished-at="2016-05-16T13:16:52Z">
          <reporter-output>
          </reporter-output>
        </test-method> <!-- clickOnNeedHelpWithyourUsernamePassLink -->
        <test-method status="PASS" signature="clickOnLoginWithValidCredentials()[pri:0, instance:com.pp.tests.LoginPageTest@5b464ce8]" name="clickOnLoginWithValidCredentials" duration-ms="21668" started-at="2016-05-16T13:16:52Z" finished-at="2016-05-16T13:17:14Z">
          <reporter-output>
          </reporter-output>
        </test-method> <!-- clickOnLoginWithValidCredentials -->
        <test-method status="PASS" signature="tearDown()[pri:0, instance:com.pp.tests.LoginPageTest@5b464ce8]" name="tearDown" is-config="true" duration-ms="384" started-at="2016-05-16T13:17:14Z" finished-at="2016-05-16T13:17:15Z">
          <reporter-output>
          </reporter-output>
        </test-method> <!-- tearDown -->
      </class> <!-- com.pp.tests.LoginPageTest -->
    </test> <!-- Regression 1 -->
  </suite> <!-- Page Object test example -->
</testng-results>
