<?xml version="1.0" encoding="UTF-8"?>
<testng-results skipped="0" failed="1" total="2" passed="1">
  <reporter-output>
  </reporter-output>
  <suite name="Default suite" duration-ms="60617" started-at="2015-12-14T12:14:51Z" finished-at="2015-12-14T12:15:52Z">
    <groups>
    </groups>
    <test name="Default test" duration-ms="60617" started-at="2015-12-14T12:14:51Z" finished-at="2015-12-14T12:15:52Z">
      <class name="com.pp.tests.EnrollPageTest">
        <test-method status="PASS" signature="setup()[pri:0, instance:com.pp.tests.EnrollPageTest@735a5cd5]" name="setup" is-config="true" duration-ms="40586" started-at="2015-12-14T17:44:51Z" finished-at="2015-12-14T17:45:32Z">
          <reporter-output>
          </reporter-output>
        </test-method> <!-- setup -->
        <test-method status="PASS" signature="VerifyEnrollmentToken()[pri:0, instance:com.pp.tests.EnrollPageTest@735a5cd5]" name="VerifyEnrollmentToken" duration-ms="5570" started-at="2015-12-14T17:45:32Z" finished-at="2015-12-14T17:45:37Z">
          <reporter-output>
          </reporter-output>
        </test-method> <!-- VerifyEnrollmentToken -->
        <test-method status="FAIL" signature="verifyEnrollPageElements()[pri:0, instance:com.pp.tests.EnrollPageTest@735a5cd5]" name="verifyEnrollPageElements" duration-ms="10174" started-at="2015-12-14T17:45:37Z" finished-at="2015-12-14T17:45:48Z">
          <exception class="java.lang.Exception">
            <message>
              <![CDATA[FAILED WHILE CLICKING ON I AM NEW HERE BUTTON
 clickOnIamNewHereButtonUnable to locate element: {"method":"id","selector":"ctl00_ContentPlaceHolder1_Login2_btnEnroll1"}
Command duration or timeout: 10.09 seconds
For documentation on this error, please visit: http://seleniumhq.org/exceptions/no_such_element.html
Build info: version: '2.47.1', revision: 'unknown', time: '2015-07-30 11:02:44'
System info: host: 'QSIH-00268', ip: '10.145.8.178', os.name: 'Windows 7', os.arch: 'amd64', os.version: '6.1', java.version: '1.7.0_79'
*** Element info: {Using=id, value=ctl00_ContentPlaceHolder1_Login2_btnEnroll1}
Session ID: e9c4877a-1eb3-4309-8074-77acfbeb9712
Driver info: org.openqa.selenium.firefox.FirefoxDriver
Capabilities [{platform=WINDOWS, acceptSslCerts=true, javascriptEnabled=true, cssSelectorsEnabled=true, databaseEnabled=true, browserName=firefox, handlesAlerts=true, nativeEvents=false, webStorageEnabled=true, rotatable=false, locationContextEnabled=true, applicationCacheEnabled=true, takesScreenshot=true, version=42.0}]]]>
            </message>
            <full-stacktrace>
              <![CDATA[java.lang.Exception: FAILED WHILE CLICKING ON I AM NEW HERE BUTTON
 clickOnIamNewHereButtonUnable to locate element: {"method":"id","selector":"ctl00_ContentPlaceHolder1_Login2_btnEnroll1"}
Command duration or timeout: 10.09 seconds
For documentation on this error, please visit: http://seleniumhq.org/exceptions/no_such_element.html
Build info: version: '2.47.1', revision: 'unknown', time: '2015-07-30 11:02:44'
System info: host: 'QSIH-00268', ip: '10.145.8.178', os.name: 'Windows 7', os.arch: 'amd64', os.version: '6.1', java.version: '1.7.0_79'
*** Element info: {Using=id, value=ctl00_ContentPlaceHolder1_Login2_btnEnroll1}
Session ID: e9c4877a-1eb3-4309-8074-77acfbeb9712
Driver info: org.openqa.selenium.firefox.FirefoxDriver
Capabilities [{platform=WINDOWS, acceptSslCerts=true, javascriptEnabled=true, cssSelectorsEnabled=true, databaseEnabled=true, browserName=firefox, handlesAlerts=true, nativeEvents=false, webStorageEnabled=true, rotatable=false, locationContextEnabled=true, applicationCacheEnabled=true, takesScreenshot=true, version=42.0}]
	at com.pp.pages.LoginPage.clickOnIamNewHereButton(LoginPage.java:240)
	at com.pp.tests.EnrollPageTest.verifyEnrollPageElements(EnrollPageTest.java:43)
	at sun.reflect.NativeMethodAccessorImpl.invoke0(Native Method)
	at sun.reflect.NativeMethodAccessorImpl.invoke(NativeMethodAccessorImpl.java:57)
	at sun.reflect.DelegatingMethodAccessorImpl.invoke(DelegatingMethodAccessorImpl.java:43)
	at java.lang.reflect.Method.invoke(Method.java:606)
	at org.testng.internal.MethodInvocationHelper.invokeMethod(MethodInvocationHelper.java:85)
	at org.testng.internal.Invoker.invokeMethod(Invoker.java:648)
	at org.testng.internal.Invoker.invokeTestMethod(Invoker.java:834)
	at org.testng.internal.Invoker.invokeTestMethods(Invoker.java:1142)
	at org.testng.internal.TestMethodWorker.invokeTestMethods(TestMethodWorker.java:124)
	at org.testng.internal.TestMethodWorker.run(TestMethodWorker.java:108)
	at org.testng.TestRunner.privateRun(TestRunner.java:771)
	at org.testng.TestRunner.run(TestRunner.java:621)
	at org.testng.SuiteRunner.runTest(SuiteRunner.java:357)
	at org.testng.SuiteRunner.runSequentially(SuiteRunner.java:352)
	at org.testng.SuiteRunner.privateRun(SuiteRunner.java:310)
	at org.testng.SuiteRunner.run(SuiteRunner.java:259)
	at org.testng.SuiteRunnerWorker.runSuite(SuiteRunnerWorker.java:52)
	at org.testng.SuiteRunnerWorker.run(SuiteRunnerWorker.java:86)
	at org.testng.TestNG.runSuitesSequentially(TestNG.java:1176)
	at org.testng.TestNG.runSuitesLocally(TestNG.java:1101)
	at org.testng.TestNG.run(TestNG.java:1009)
	at org.testng.remote.RemoteTestNG.run(RemoteTestNG.java:111)
	at org.testng.remote.RemoteTestNG.initAndRun(RemoteTestNG.java:204)
	at org.testng.remote.RemoteTestNG.main(RemoteTestNG.java:175)
]]>
            </full-stacktrace>
          </exception> <!-- java.lang.Exception -->
          <reporter-output>
          </reporter-output>
        </test-method> <!-- verifyEnrollPageElements -->
        <test-method status="PASS" signature="tearDown()[pri:0, instance:com.pp.tests.EnrollPageTest@735a5cd5]" name="tearDown" is-config="true" duration-ms="4247" started-at="2015-12-14T17:45:48Z" finished-at="2015-12-14T17:45:52Z">
          <reporter-output>
          </reporter-output>
        </test-method> <!-- tearDown -->
      </class> <!-- com.pp.tests.EnrollPageTest -->
    </test> <!-- Default test -->
  </suite> <!-- Default suite -->
</testng-results>
