<?xml version="1.0" encoding="UTF-8"?>
<testng-results skipped="0" failed="0" total="1" passed="1">
  <reporter-output>
  </reporter-output>
  <suite name="Default suite" duration-ms="33087" started-at="2015-10-15T18:01:05Z" finished-at="2015-10-15T18:01:38Z">
    <groups>
    </groups>
    <test name="Default test" duration-ms="33087" started-at="2015-10-15T18:01:05Z" finished-at="2015-10-15T18:01:38Z">
      <class name="com.pp.tests.EnrollPageTest">
        <test-method status="PASS" signature="setup()[pri:0, instance:com.pp.tests.EnrollPageTest@3184df1d]" name="setup" is-config="true" duration-ms="25820" started-at="2015-10-15T23:31:05Z" finished-at="2015-10-15T23:31:30Z">
          <reporter-output>
          </reporter-output>
        </test-method> <!-- setup -->
        <test-method status="PASS" signature="VerifyEnrollmentToken()[pri:0, instance:com.pp.tests.EnrollPageTest@3184df1d]" name="VerifyEnrollmentToken" duration-ms="3915" started-at="2015-10-15T23:31:30Z" finished-at="2015-10-15T23:31:34Z">
          <reporter-output>
          </reporter-output>
        </test-method> <!-- VerifyEnrollmentToken -->
        <test-method status="PASS" signature="tearDown()[pri:0, instance:com.pp.tests.EnrollPageTest@3184df1d]" name="tearDown" is-config="true" duration-ms="3312" started-at="2015-10-15T23:31:34Z" finished-at="2015-10-15T23:31:38Z">
          <reporter-output>
          </reporter-output>
        </test-method> <!-- tearDown -->
      </class> <!-- com.pp.tests.EnrollPageTest -->
    </test> <!-- Default test -->
  </suite> <!-- Default suite -->
</testng-results>
