<?xml version="1.0" encoding="UTF-8"?>
<testng-results skipped="0" failed="0" total="1" passed="1">
  <reporter-output>
  </reporter-output>
  <suite name="Default suite" duration-ms="53076" started-at="2016-05-06T10:11:23Z" finished-at="2016-05-06T10:12:16Z">
    <groups>
    </groups>
    <test name="Default test" duration-ms="53076" started-at="2016-05-06T10:11:23Z" finished-at="2016-05-06T10:12:16Z">
      <class name="com.pp.tests.GenericAppointmentRequestTest">
        <test-method status="PASS" signature="setup()[pri:0, instance:com.pp.tests.GenericAppointmentRequestTest@7c30a502]" name="setup" is-config="true" duration-ms="14384" started-at="2016-05-06T15:41:23Z" finished-at="2016-05-06T15:41:38Z">
          <reporter-output>
          </reporter-output>
        </test-method> <!-- setup -->
        <test-method status="PASS" signature="LoginAndRequestForAppointment()[pri:0, instance:com.pp.tests.GenericAppointmentRequestTest@7c30a502]" name="LoginAndRequestForAppointment" duration-ms="38305" started-at="2016-05-06T15:41:38Z" finished-at="2016-05-06T15:42:16Z">
          <reporter-output>
          </reporter-output>
        </test-method> <!-- LoginAndRequestForAppointment -->
        <test-method status="PASS" signature="tearDown()[pri:0, instance:com.pp.tests.GenericAppointmentRequestTest@7c30a502]" name="tearDown" is-config="true" duration-ms="379" started-at="2016-05-06T15:42:16Z" finished-at="2016-05-06T15:42:16Z">
          <reporter-output>
          </reporter-output>
        </test-method> <!-- tearDown -->
      </class> <!-- com.pp.tests.GenericAppointmentRequestTest -->
    </test> <!-- Default test -->
  </suite> <!-- Default suite -->
</testng-results>
